\BOOKMARK [0][-]{chapter.1}{\376\377\000W\000s\000t\001\031\000p}{}% 1
\BOOKMARK [1][-]{section.1.1}{\376\377\000W\000p\000r\000o\000w\000a\000d\000z\000e\000n\000i\000e\000\040\000w\000\040\000p\000r\000o\000b\000l\000e\000m}{chapter.1}% 2
\BOOKMARK [1][-]{section.1.2}{\376\377\000O\000s\000a\000d\000z\000e\000n\000i\000e\000\040\000p\000r\000o\000b\000l\000e\000m\000u\000\040\000w\000\040\000d\000z\000i\000e\000d\000z\000i\000n\000i\000e}{chapter.1}% 3
\BOOKMARK [1][-]{section.1.3}{\376\377\000C\000e\000l\000\040\000p\000r\000a\000c\000y}{chapter.1}% 4
\BOOKMARK [1][-]{section.1.4}{\376\377\000Z\000a\000k\000r\000e\000s\000\040\000p\000r\000a\000c\000y}{chapter.1}% 5
\BOOKMARK [1][-]{section.1.5}{\376\377\000S\000t\000r\000u\000k\000t\000u\000r\000a\000\040\000p\000r\000a\000c\000y}{chapter.1}% 6
\BOOKMARK [1][-]{section.1.6}{\376\377\000W\000k\001\102\000a\000d\000\040\000w\001\102\000a\000s\000n\000y\000\040\000a\000u\000t\000o\000r\000a}{chapter.1}% 7
\BOOKMARK [0][-]{chapter.2}{\376\377\000A\000n\000a\000l\000i\000z\000a\000\040\000t\000e\000m\000a\000t\000u}{}% 8
\BOOKMARK [1][-]{section.2.1}{\376\377\000O\000s\000a\000d\000z\000e\000n\000i\000e\000\040\000t\000e\000m\000a\000t\000u\000\040\000w\000\040\000k\000o\000n\000t\000e\000k\001\133\000c\000i\000e\000\040\000a\000k\000t\000u\000a\000l\000n\000e\000g\000o\000\040\000s\000t\000a\000n\000u\000\040\000w\000i\000e\000d\000z\000y}{chapter.2}% 9
\BOOKMARK [1][-]{section.2.2}{\376\377\000S\000z\000c\000z\000e\000g\000\363\001\102\000o\000w\000e\000\040\000s\000f\000o\000r\000m\000u\001\102\000o\000w\000a\000n\000i\000e\000\040\000p\000r\000o\000b\000l\000e\000m\000u}{chapter.2}% 10
\BOOKMARK [1][-]{section.2.3}{\376\377\000P\000r\000z\000e\000g\000l\001\005\000d\000\040\000n\000a\000r\000z\001\031\000d\000z\000i\000\040\000i\000\040\000l\000i\000t\000e\000r\000a\000t\000u\000r\000y}{chapter.2}% 11
\BOOKMARK [2][-]{subsection.2.3.1}{\376\377\000R\000O\000S\000\040\0002}{section.2.3}% 12
\BOOKMARK [2][-]{subsection.2.3.2}{\376\377\000S\000L\000A\000M\000\040\000T\000o\000o\000l\000b\000o\000x}{section.2.3}% 13
\BOOKMARK [2][-]{subsection.2.3.3}{\376\377\000N\000a\000v\000i\000g\000a\000t\000i\000o\000n\0002\000\040\000\050\000N\000a\000v\0002\000\051\000\040\000i\000\040\000l\000o\000k\000a\000l\000i\000z\000a\000c\000j\000a}{section.2.3}% 14
\BOOKMARK [2][-]{subsection.2.3.4}{\376\377\000R\000O\000S\0002\000\040\000C\000o\000n\000t\000r\000o\000l\000\040\000i\000\040\000s\000t\000e\000r\000o\000w\000a\000n\000i\000e\000\040\000n\000a\000p\001\031\000d\000a\000m\000i}{section.2.3}% 15
\BOOKMARK [1][-]{section.2.4}{\376\377\000W\000y\000b\000\363\000r\000\040\000r\000o\000z\000w\000i\001\005\000z\000a\001\104}{chapter.2}% 16
\BOOKMARK [0][-]{chapter.3}{\376\377\000W\000y\000m\000a\000g\000a\000n\000i\000a\000\040\000i\000\040\000n\000a\000r\000z\001\031\000d\000z\000i\000a}{}% 17
\BOOKMARK [1][-]{section.3.1}{\376\377\000W\000y\000m\000a\000g\000a\000n\000i\000a\000\040\000f\000u\000n\000k\000c\000j\000o\000n\000a\000l\000n\000e}{chapter.3}% 18
\BOOKMARK [1][-]{section.3.2}{\376\377\000P\000r\000z\000y\000p\000a\000d\000k\000i\000\040\000u\001\174\000y\000c\000i\000a}{chapter.3}% 19
\BOOKMARK [1][-]{section.3.3}{\376\377\000S\000p\000e\000c\000y\000f\000i\000k\000a\000c\000j\000a\000\040\000k\000o\000m\000p\000o\000n\000e\000n\000t\000\363\000w}{chapter.3}% 20
\BOOKMARK [2][-]{subsection.3.3.1}{\376\377\000J\000e\000d\000n\000o\000s\000t\000k\000i\000\040\000s\000t\000e\000r\000u\000j\001\005\000c\000e}{section.3.3}% 21
\BOOKMARK [2][-]{subsection.3.3.2}{\376\377\000N\000a\000p\001\031\000d}{section.3.3}% 22
\BOOKMARK [2][-]{subsection.3.3.3}{\376\377\000Z\000a\000s\000i\000l\000a\000n\000i\000e}{section.3.3}% 23
\BOOKMARK [1][-]{section.3.4}{\376\377\000B\000u\000d\000o\000w\000a\000\040\000r\000o\000b\000o\000t\000a\000\040\000i\000\040\000s\000p\000o\000s\000\363\000b\000\040\000p\000o\001\102\001\005\000c\000z\000e\000n\000i\000a\000\040\000s\000i\000l\000n\000i\000k\000\363\000w\000\040\000z\000\040\000k\000o\000n\000t\000r\000o\000l\000e\000r\000e\000m}{chapter.3}% 24
\BOOKMARK [1][-]{section.3.5}{\376\377\000M\000e\000t\000o\000d\000y\000k\000a\000\040\000i\000\040\000e\000t\000a\000p\000y\000\040\000r\000e\000a\000l\000i\000z\000a\000c\000j\000i}{chapter.3}% 25
\BOOKMARK [2][-]{subsection.3.5.1}{\376\377\000E\000t\000a\000p\000\040\0001\000:\000\040\000P\000r\000z\000y\000g\000o\000t\000o\000w\000a\000n\000i\000e\000\040\000p\000l\000a\000t\000f\000o\000r\000m\000y\000\040\000s\000p\000r\000z\001\031\000t\000o\000w\000e\000j}{section.3.5}% 26
\BOOKMARK [2][-]{subsection.3.5.2}{\376\377\000E\000t\000a\000p\000\040\0002\000:\000\040\000I\000m\000p\000l\000e\000m\000e\000n\000t\000a\000c\000j\000a\000\040\000s\000t\000e\000r\000o\000w\000a\000n\000i\000a\000\040\000n\000a\000p\001\031\000d\000e\000m}{section.3.5}% 27
\BOOKMARK [2][-]{subsection.3.5.3}{\376\377\000E\000t\000a\000p\000\040\0003\000:\000\040\000I\000n\000t\000e\000g\000r\000a\000c\000j\000a\000\040\000s\000e\000n\000s\000o\000r\000\363\000w}{section.3.5}% 28
\BOOKMARK [2][-]{subsection.3.5.4}{\376\377\000E\000t\000a\000p\000\040\0004\000:\000\040\000I\000m\000p\000l\000e\000m\000e\000n\000t\000a\000c\000j\000a\000\040\000o\000p\000r\000o\000g\000r\000a\000m\000o\000w\000a\000n\000i\000a}{section.3.5}% 29
\BOOKMARK [0][-]{chapter.4}{\376\377\000S\000p\000e\000c\000y\000f\000i\000k\000a\000c\000j\000a\000\040\000u\001\174\000y\000t\000k\000o\000w\000a}{}% 30
\BOOKMARK [1][-]{subsection.4.0.1}{\376\377\000W\000y\000m\000a\000g\000a\000n\000i\000a\000\040\000s\000p\000r\000z\001\031\000t\000o\000w\000e\000\040\000i\000\040\000p\000r\000o\000g\000r\000a\000m\000o\000w\000e}{chapter.4}% 31
\BOOKMARK [2][-]{subsection.4.0.2}{\376\377\000S\000p\000o\000s\000\363\000b\000\040\000a\000k\000t\000y\000w\000a\000c\000j\000i\000\040\000i\000\040\000k\000o\000r\000z\000y\000s\000t\000a\000n\000i\000a\000\040\000z\000\040\000r\000o\000b\000o\000t\000a\000\040\000z\000\040\000p\000r\000z\000y\000k\000a\000d\000e\000m\000\040\000d\000z\000i\000a\001\102\000a\000n\000i\000a}{subsection.4.0.1}% 32
\BOOKMARK [1][-]{section.4.1}{\376\377\000A\000d\000m\000i\000n\000i\000s\000t\000r\000a\000c\000j\000a\000\040\000s\000y\000s\000t\000e\000m\000e\000m}{chapter.4}% 33
\BOOKMARK [1][-]{section.4.2}{\376\377\000K\000w\000e\000s\000t\000i\000e\000\040\000b\000e\000z\000p\000i\000e\000c\000z\000e\001\104\000s\000t\000w\000a}{chapter.4}% 34
\BOOKMARK [1][-]{section.4.3}{\376\377\000S\000c\000e\000n\000a\000r\000i\000u\000s\000z\000e\000\040\000k\000o\000r\000z\000y\000s\000t\000a\000n\000i\000a\000\040\000z\000\040\000s\000y\000s\000t\000e\000m\000u}{chapter.4}% 35
\BOOKMARK [0][-]{chapter.5}{\376\377\000S\000p\000e\000c\000y\000f\000i\000k\000a\000c\000j\000a\000\040\000t\000e\000c\000h\000n\000i\000c\000z\000n\000a}{}% 36
\BOOKMARK [1][-]{section.5.1}{\376\377\000W\000y\000k\000o\000r\000z\000y\000s\000t\000a\000n\000e\000\040\000t\000e\000c\000h\000n\000o\000l\000o\000g\000i\000e}{chapter.5}% 37
\BOOKMARK [1][-]{section.5.2}{\376\377\000A\000r\000c\000h\000i\000t\000e\000k\000t\000u\000r\000a\000\040\000s\000y\000s\000t\000e\000m\000u}{chapter.5}% 38
\BOOKMARK [1][-]{section.5.3}{\376\377\000S\000t\000r\000u\000k\000t\000u\000r\000a\000\040\000s\000y\000s\000t\000e\000m\000u\000\040\000i\000\040\000o\000b\000j\000a\001\133\000n\000i\000e\000n\000i\000e\000\040\000d\000z\000i\000a\001\102\000a\000n\000i\000a\000\040\000a\000l\000g\000o\000r\000y\000t\000m\000\363\000w}{chapter.5}% 39
\BOOKMARK [2][-]{subsection.5.3.1}{\376\377\000A\000r\000d\000u\000i\000n\000o}{section.5.3}% 40
\BOOKMARK [2][-]{subsection.5.3.2}{\376\377\000L\000i\000D\000A\000R}{section.5.3}% 41
\BOOKMARK [2][-]{subsection.5.3.3}{\376\377\000S\000t\000e\000r\000o\000w\000a\000n\000i\000e\000\040\000s\000i\000l\000n\000i\000k\000a\000m\000i\000\040\000i\000\040\000m\000o\000d\000e\000l\000\040\000r\000o\000b\000o\000t\000a}{section.5.3}% 42
\BOOKMARK [2][-]{subsection.5.3.4}{\376\377\000M\000a\000p\000o\000w\000a\000n\000i\000e}{section.5.3}% 43
\BOOKMARK [2][-]{subsection.5.3.5}{\376\377\000N\000a\000w\000i\000g\000a\000c\000j\000a\000\040\000i\000\040\000l\000o\000k\000a\000l\000i\000z\000a\000c\000j\000a}{section.5.3}% 44
\BOOKMARK [1][-]{section.5.4}{\376\377\000D\000i\000a\000g\000r\000a\000m\000y\000\040\000U\000M\000L\000\040\000p\000r\000e\000z\000e\000n\000t\000u\000j\001\005\000c\000e\000\040\000d\000z\000i\000a\001\102\000a\000n\000i\000e\000\040\000k\000o\000n\000k\000r\000e\000t\000n\000y\000c\000h\000\040\000p\000r\000o\000g\000r\000a\000m\000\363\000w}{chapter.5}% 45
\BOOKMARK [0][-]{chapter.6}{\376\377\000W\000e\000r\000y\000f\000i\000k\000a\000c\000j\000a\000\040\000i\000\040\000w\000a\000l\000i\000d\000a\000c\000j\000a}{}% 46
\BOOKMARK [1][-]{section.6.1}{\376\377\000M\000o\000d\000e\000l\000\040\000V}{chapter.6}% 47
\BOOKMARK [1][-]{section.6.2}{\376\377\000O\000r\000g\000a\000n\000i\000z\000a\000c\000j\000a\000\040\000e\000k\000s\000p\000e\000r\000y\000m\000e\000n\000t\000\363\000w}{chapter.6}% 48
\BOOKMARK [1][-]{section.6.3}{\376\377\000P\000r\000z\000y\000p\000a\000d\000k\000i\000\040\000t\000e\000s\000t\000o\000w\000e}{chapter.6}% 49
\BOOKMARK [1][-]{section.6.4}{\376\377\000W\000y\000k\000r\000y\000t\000e\000\040\000i\000\040\000u\000s\000u\000n\000i\001\031\000t\000e\000\040\000b\001\102\001\031\000d\000y}{chapter.6}% 50
\BOOKMARK [1][-]{section.6.5}{\376\377\000W\000y\000n\000i\000k\000i\000\040\000b\000a\000d\000a\001\104\000\040\000e\000k\000s\000p\000e\000r\000y\000m\000e\000n\000t\000a\000l\000n\000y\000c\000h}{chapter.6}% 51
\BOOKMARK [0][-]{chapter.7}{\376\377\000P\000o\000d\000s\000u\000m\000o\000w\000a\000n\000i\000e\000\040\000i\000\040\000w\000n\000i\000o\000s\000k\000i}{}% 52
\BOOKMARK [1][-]{section.7.1}{\376\377\000U\000z\000y\000s\000k\000a\000n\000e\000\040\000w\000y\000n\000i\000k\000i}{chapter.7}% 53
\BOOKMARK [1][-]{section.7.2}{\376\377\000K\000i\000e\000r\000u\000n\000k\000i\000\040\000d\000a\000l\000s\000z\000y\000c\000h\000\040\000p\000r\000a\000c}{chapter.7}% 54
\BOOKMARK [0][-]{section.7.2}{\376\377\000B\000i\000b\000l\000i\000o\000g\000r\000a\000f\000i\000a}{}% 55
\BOOKMARK [0][-]{appendix*.37}{\376\377\000S\000p\000i\000s\000\040\000s\000k\000r\000\363\000t\000\363\000w\000\040\000i\000\040\000s\000y\000m\000b\000o\000l\000i}{}% 56
\BOOKMARK [0][-]{appendix*.38}{\376\377\000L\000i\000s\000t\000a\000\040\000d\000o\000d\000a\000t\000k\000o\000w\000y\000c\000h\000\040\000p\000l\000i\000k\000\363\000w\000,\000\040\000u\000z\000u\000p\000e\001\102\000n\000i\000a\000j\001\005\000c\000y\000c\000h\000\040\000t\000e\000k\000s\000t\000\040\000p\000r\000a\000c\000y}{}% 57
\BOOKMARK [0][-]{appendix*.39}{\376\377\000S\000p\000i\000s\000\040\000r\000y\000s\000u\000n\000k\000\363\000w}{}% 58
